<component name="libraryTable">
  <library name="junit-jupiter-api-5.5.0-javadoc">
    <CLASSES>
      <root url="jar://$USER_HOME$/Documents/junit-jupiter-api-5.5.0-javadoc.jar!/" />
    </CLASSES>
    <JAVADOC />
    <SOURCES />
  </library>
</component>